TN:
SF:src/app.ts
FNF:0
FNH:0
DA:1,1
DA:2,1
DA:3,1
DA:4,1
DA:5,1
DA:6,1
DA:7,1
DA:8,1
DA:9,1
DA:10,1
DA:11,1
DA:12,1
LF:12
LH:12
BRF:0
BRH:0
end_of_record
TN:
SF:src/auth.ts
FN:10,hashPassword
FN:14,comparePassword
FN:20,sign
FN:25,verify
FNF:4
FNH:4
FNDA:1,hashPassword
FNDA:2,comparePassword
FNDA:2,sign
FNDA:7,verify
DA:1,1
DA:2,1
DA:3,1
DA:4,1
DA:5,1
DA:6,1
DA:7,1
DA:8,1
DA:9,1
DA:10,1
DA:11,1
DA:12,1
DA:13,1
DA:14,2
DA:15,2
DA:16,2
DA:17,1
DA:18,1
DA:19,1
DA:20,2
DA:21,2
DA:22,2
DA:23,2
DA:24,1
DA:25,7
DA:26,7
DA:27,7
DA:28,7
DA:29,7
DA:30,7
DA:31,0
DA:32,0
DA:33,0
DA:34,7
DA:35,1
DA:36,1
LF:36
LH:33
BRDA:10,0,0,1
BRDA:14,1,0,2
BRDA:20,2,0,2
BRDA:25,3,0,7
BRDA:30,4,0,0
BRF:5
BRH:4
end_of_record
TN:
SF:src/db.ts
FNF:0
FNH:0
DA:1,1
DA:2,1
DA:3,1
DA:4,1
DA:5,1
DA:6,1
DA:7,1
DA:8,1
DA:9,1
DA:10,1
DA:11,1
DA:12,1
DA:13,1
DA:14,1
DA:15,1
LF:15
LH:15
BRF:0
BRH:0
end_of_record
TN:
SF:src/server.ts
FN:1,(empty-report)
FNF:1
FNH:0
FNDA:0,(empty-report)
DA:1,0
DA:2,0
DA:3,0
DA:4,0
DA:5,0
DA:6,0
DA:7,0
DA:8,0
DA:9,0
DA:10,0
DA:11,0
DA:12,0
DA:13,0
DA:14,0
DA:15,0
DA:16,0
DA:17,0
DA:18,0
LF:18
LH:0
BRDA:1,0,0,0
BRF:1
BRH:0
end_of_record
TN:
SF:src/controllers/accounts.ts
FN:6,getAccounts
FN:14,getAccount
FN:35,addAccount
FN:51,setAccount
FN:72,loginAccount
FN:91,logout
FNF:6
FNH:6
FNDA:1,getAccounts
FNDA:3,getAccount
FNDA:1,addAccount
FNDA:3,setAccount
FNDA:2,loginAccount
FNDA:1,logout
DA:1,1
DA:2,1
DA:3,1
DA:4,1
DA:5,1
DA:6,1
DA:7,1
DA:8,1
DA:9,4
DA:10,4
DA:11,1
DA:12,1
DA:13,1
DA:14,3
DA:15,3
DA:16,3
DA:17,3
DA:18,3
DA:19,2
DA:20,2
DA:21,2
DA:22,3
DA:23,1
DA:24,1
DA:25,1
DA:26,1
DA:27,1
DA:28,3
DA:29,3
DA:30,0
DA:31,0
DA:32,0
DA:33,3
DA:34,1
DA:35,1
DA:36,1
DA:37,1
DA:38,1
DA:39,1
DA:40,1
DA:41,1
DA:42,1
DA:43,1
DA:44,1
DA:45,1
DA:46,0
DA:47,0
DA:48,0
DA:49,1
DA:50,1
DA:51,3
DA:52,3
DA:53,3
DA:54,3
DA:55,2
DA:56,2
DA:57,2
DA:58,3
DA:59,2
DA:60,2
DA:61,2
DA:62,3
DA:63,1
DA:64,1
DA:65,1
DA:66,3
DA:67,0
DA:68,0
DA:69,0
DA:70,3
DA:71,1
DA:72,2
DA:73,2
DA:74,2
DA:75,2
DA:76,2
DA:77,2
DA:78,2
DA:79,2
DA:80,2
DA:81,1
DA:82,1
DA:83,1
DA:84,1
DA:85,1
DA:86,2
DA:87,0
DA:88,0
DA:89,2
DA:90,1
DA:91,1
DA:92,1
DA:93,1
DA:94,1
DA:95,1
LF:95
LH:84
BRDA:6,0,0,1
BRDA:8,1,0,4
BRDA:14,2,0,3
BRDA:18,3,0,1
BRDA:19,4,0,2
BRDA:22,5,0,1
BRDA:29,6,0,0
BRDA:35,7,0,1
BRDA:45,8,0,0
BRDA:51,9,0,3
BRDA:54,10,0,1
BRDA:55,11,0,2
BRDA:58,12,0,0
BRDA:59,13,0,2
BRDA:62,14,0,1
BRDA:66,15,0,0
BRDA:72,16,0,2
BRDA:77,17,0,0
BRDA:80,18,0,1
BRDA:86,19,0,0
BRDA:91,20,0,1
BRF:21
BRH:15
end_of_record
TN:
SF:src/models/accountModel.ts
FNF:0
FNH:0
DA:1,1
DA:2,1
DA:3,1
DA:4,1
DA:5,1
DA:6,1
DA:7,1
DA:8,1
DA:9,1
DA:10,1
DA:11,1
DA:12,1
DA:13,1
DA:14,1
DA:15,1
DA:16,1
DA:17,1
DA:18,1
DA:19,1
DA:20,1
DA:21,1
DA:22,1
DA:23,1
DA:24,1
DA:25,1
DA:26,1
DA:27,1
DA:28,1
DA:29,1
DA:30,1
DA:31,1
DA:32,1
DA:33,1
DA:34,1
DA:35,1
DA:36,1
DA:37,1
DA:38,1
LF:38
LH:38
BRF:0
BRH:0
end_of_record
TN:
SF:src/models/accountRepository.ts
FN:5,findAll
FN:9,findById
FN:13,findByEmail
FN:17,createAccount
FN:21,updateAccount
FN:37,deleteAccount
FN:41,deleteByEmail
FNF:7
FNH:6
FNDA:1,findAll
FNDA:2,findById
FNDA:2,findByEmail
FNDA:3,createAccount
FNDA:2,updateAccount
FNDA:0,deleteAccount
FNDA:3,deleteByEmail
DA:1,1
DA:2,1
DA:3,1
DA:4,1
DA:5,1
DA:6,1
DA:7,1
DA:8,1
DA:9,2
DA:10,2
DA:11,2
DA:12,1
DA:13,2
DA:14,2
DA:15,2
DA:16,1
DA:17,3
DA:18,3
DA:19,3
DA:20,1
DA:21,2
DA:22,2
DA:23,2
DA:24,1
DA:25,1
DA:26,1
DA:27,1
DA:28,1
DA:29,1
DA:30,1
DA:31,1
DA:32,1
DA:33,1
DA:34,1
DA:35,1
DA:36,1
DA:37,0
DA:38,0
DA:39,0
DA:40,1
DA:41,3
DA:42,3
DA:43,3
LF:43
LH:40
BRDA:5,0,0,1
BRDA:9,1,0,2
BRDA:13,2,0,2
BRDA:17,3,0,3
BRDA:21,4,0,2
BRDA:23,5,0,1
BRDA:24,6,0,0
BRDA:26,7,0,0
BRDA:27,8,0,0
BRDA:28,9,0,0
BRDA:41,10,0,3
BRF:11
BRH:7
end_of_record
TN:
SF:src/models/accountStatus.ts
FN:1,(empty-report)
FNF:1
FNH:0
FNDA:0,(empty-report)
DA:1,0
DA:2,0
DA:3,0
DA:4,0
DA:5,0
DA:6,0
LF:6
LH:0
BRDA:1,0,0,0
BRF:1
BRH:0
end_of_record
TN:
SF:src/models/accounts.ts
FN:1,(empty-report)
FNF:1
FNH:0
FNDA:0,(empty-report)
DA:1,0
DA:2,0
DA:3,0
DA:4,0
DA:5,0
DA:6,0
DA:7,0
DA:8,0
DA:9,0
DA:10,0
LF:10
LH:0
BRDA:1,0,0,0
BRF:1
BRH:0
end_of_record
TN:
SF:src/models/accountsSchemas.ts
FNF:0
FNH:0
DA:1,1
DA:2,1
DA:3,1
DA:4,1
DA:5,1
DA:6,1
DA:7,1
DA:8,1
DA:9,1
DA:10,1
DA:11,1
DA:12,1
DA:13,1
DA:14,1
DA:15,1
DA:16,1
DA:17,1
DA:18,1
DA:19,1
DA:20,1
DA:21,1
DA:22,1
DA:23,1
DA:24,1
DA:25,1
LF:25
LH:25
BRF:0
BRH:0
end_of_record
TN:
SF:src/routes/accounts.ts
FNF:0
FNH:0
DA:1,1
DA:2,1
DA:3,1
DA:4,1
DA:5,1
DA:6,1
DA:7,1
DA:8,1
DA:9,1
DA:10,1
DA:11,1
DA:12,1
DA:13,1
DA:14,1
DA:15,1
DA:16,1
DA:17,1
DA:18,1
DA:19,1
LF:19
LH:19
BRF:0
BRH:0
end_of_record
TN:
SF:src/routes/middlewares.ts
FN:6,validateSchema
FN:17,validateAccountSchema
FN:21,validateUpdateAccountSchema
FN:25,validateLoginSchema
FN:29,validateAuth
FNF:5
FNH:5
FNDA:8,validateSchema
FNDA:2,validateAccountSchema
FNDA:3,validateUpdateAccountSchema
FNDA:3,validateLoginSchema
FNDA:7,validateAuth
DA:1,1
DA:2,1
DA:3,1
DA:4,1
DA:5,1
DA:6,8
DA:7,8
DA:8,8
DA:9,2
DA:10,2
DA:11,2
DA:12,2
DA:13,2
DA:14,2
DA:15,2
DA:16,1
DA:17,2
DA:18,2
DA:19,2
DA:20,1
DA:21,3
DA:22,3
DA:23,3
DA:24,1
DA:25,3
DA:26,3
DA:27,3
DA:28,1
DA:29,7
DA:30,7
DA:31,7
DA:32,7
DA:33,7
DA:34,7
DA:35,7
DA:36,7
DA:37,7
DA:38,7
DA:39,7
DA:40,7
DA:41,7
DA:42,0
DA:43,0
DA:44,0
DA:45,7
DA:46,1
DA:47,1
LF:47
LH:44
BRDA:6,0,0,8
BRDA:8,1,0,6
BRDA:9,2,0,2
BRDA:11,3,0,2
BRDA:17,4,0,2
BRDA:21,5,0,3
BRDA:25,6,0,3
BRDA:29,7,0,7
BRDA:33,8,0,0
BRDA:36,9,0,0
BRDA:41,10,0,0
BRF:11
BRH:8
end_of_record
