TN:
SF:src/app.ts
FNF:0
FNH:0
DA:1,1
DA:2,1
DA:3,1
LF:3
LH:3
BRF:0
BRH:0
end_of_record
TN:
SF:src/auth.ts
FN:11,hashPassword
FN:15,comparePassword
FN:19,sign
FN:24,verify
FNF:4
FNH:3
FNDA:1,hashPassword
FNDA:2,comparePassword
FNDA:3,sign
FNDA:0,verify
DA:1,1
DA:2,1
DA:3,1
DA:4,1
DA:5,1
DA:6,1
DA:7,1
DA:8,1
DA:9,1
DA:10,1
DA:11,1
DA:12,1
DA:13,1
DA:14,1
DA:15,2
DA:16,2
DA:17,2
DA:18,1
DA:19,3
DA:20,3
DA:21,3
DA:22,3
DA:23,1
DA:24,0
DA:25,0
DA:26,0
DA:27,1
DA:28,1
LF:28
LH:25
BRDA:11,0,0,1
BRDA:15,1,0,2
BRDA:19,2,0,3
BRF:3
BRH:3
end_of_record
TN:
SF:src/server.ts
FN:1,(empty-report)
FNF:1
FNH:0
FNDA:0,(empty-report)
DA:1,0
DA:2,0
DA:3,0
DA:4,0
DA:5,0
DA:6,0
DA:7,0
DA:8,0
DA:9,0
DA:10,0
DA:11,0
DA:12,0
DA:13,0
DA:14,0
DA:15,0
DA:16,0
DA:17,0
DA:18,0
LF:18
LH:0
BRDA:1,0,0,0
BRF:1
BRH:0
end_of_record
TN:
SF:src/controllers/accounts.ts
FN:6,getAccounts
FN:14,getAccount
FN:28,addAccount
FN:44,setAccount
FN:61,loginAccount
FN:78,logout
FN:82,deleteAccounts
FNF:7
FNH:7
FNDA:1,getAccounts
FNDA:1,getAccount
FNDA:1,addAccount
FNDA:1,setAccount
FNDA:2,loginAccount
FNDA:1,logout
FNDA:1,deleteAccounts
DA:1,1
DA:2,1
DA:3,1
DA:4,1
DA:5,1
DA:6,1
DA:7,1
DA:8,1
DA:9,6
DA:10,6
DA:11,1
DA:12,1
DA:13,1
DA:14,1
DA:15,1
DA:16,1
DA:17,1
DA:18,1
DA:19,1
DA:20,1
DA:21,1
DA:22,1
DA:23,0
DA:24,0
DA:25,0
DA:26,1
DA:27,1
DA:28,1
DA:29,1
DA:30,1
DA:31,1
DA:32,1
DA:33,1
DA:34,1
DA:35,1
DA:36,1
DA:37,1
DA:38,1
DA:39,0
DA:40,0
DA:41,0
DA:42,1
DA:43,1
DA:44,1
DA:45,1
DA:46,1
DA:47,1
DA:48,1
DA:49,1
DA:50,1
DA:51,1
DA:52,1
DA:53,1
DA:54,1
DA:55,1
DA:56,0
DA:57,0
DA:58,0
DA:59,1
DA:60,1
DA:61,2
DA:62,2
DA:63,2
DA:64,2
DA:65,2
DA:66,2
DA:67,2
DA:68,2
DA:69,1
DA:70,1
DA:71,1
DA:72,2
DA:73,0
DA:74,0
DA:75,0
DA:76,2
DA:77,1
DA:78,1
DA:79,1
DA:80,1
DA:81,1
DA:82,1
DA:83,1
DA:84,1
DA:85,1
DA:86,1
DA:87,1
DA:88,0
DA:89,0
DA:90,0
DA:91,1
DA:92,1
DA:93,1
LF:93
LH:78
BRDA:6,0,0,1
BRDA:8,1,0,6
BRDA:14,2,0,1
BRDA:18,3,0,0
BRDA:22,4,0,0
BRDA:28,5,0,1
BRDA:38,6,0,0
BRDA:44,7,0,1
BRDA:48,8,0,0
BRDA:51,9,0,0
BRDA:55,10,0,0
BRDA:61,11,0,2
BRDA:65,12,0,0
BRDA:68,13,0,1
BRDA:72,14,0,0
BRDA:78,15,0,1
BRDA:82,16,0,1
BRDA:87,17,0,0
BRF:18
BRH:9
end_of_record
TN:
SF:src/models/accountModel.ts
FNF:0
FNH:0
DA:1,1
DA:2,1
DA:3,1
DA:4,1
DA:5,1
DA:6,1
DA:7,1
DA:8,1
DA:9,1
DA:10,1
DA:11,1
DA:12,1
DA:13,1
DA:14,1
DA:15,1
DA:16,1
DA:17,1
DA:18,1
DA:19,1
DA:20,1
DA:21,1
DA:22,1
DA:23,1
DA:24,1
DA:25,1
DA:26,1
DA:27,1
DA:28,1
DA:29,1
DA:30,1
DA:31,1
DA:32,1
DA:33,1
DA:34,1
DA:35,1
DA:36,1
DA:37,1
DA:38,1
LF:38
LH:38
BRF:0
BRH:0
end_of_record
TN:
SF:src/models/accountRepository.ts
FN:5,findAll
FN:9,findById
FN:13,findByEmail
FN:17,createAccount
FN:21,updateAccount
FN:37,deleteAccount
FN:41,deleteByEmail
FNF:7
FNH:7
FNDA:1,findAll
FNDA:1,findById
FNDA:2,findByEmail
FNDA:3,createAccount
FNDA:1,updateAccount
FNDA:1,deleteAccount
FNDA:3,deleteByEmail
DA:1,1
DA:2,1
DA:3,1
DA:4,1
DA:5,1
DA:6,1
DA:7,1
DA:8,1
DA:9,1
DA:10,1
DA:11,1
DA:12,1
DA:13,2
DA:14,2
DA:15,2
DA:16,1
DA:17,3
DA:18,3
DA:19,3
DA:20,1
DA:21,1
DA:22,1
DA:23,1
DA:24,1
DA:25,1
DA:26,1
DA:27,1
DA:28,1
DA:29,1
DA:30,1
DA:31,1
DA:32,1
DA:33,1
DA:34,0
DA:35,0
DA:36,1
DA:37,1
DA:38,1
DA:39,1
DA:40,1
DA:41,3
DA:42,3
DA:43,3
DA:44,1
DA:45,1
LF:45
LH:43
BRDA:5,0,0,1
BRDA:9,1,0,1
BRDA:13,2,0,2
BRDA:17,3,0,3
BRDA:21,4,0,1
BRDA:24,5,0,0
BRDA:26,6,0,0
BRDA:27,7,0,0
BRDA:28,8,0,0
BRDA:34,9,0,0
BRDA:37,10,0,1
BRDA:41,11,0,3
BRF:12
BRH:7
end_of_record
TN:
SF:src/models/accountStatus.ts
FN:1,(empty-report)
FNF:1
FNH:0
FNDA:0,(empty-report)
DA:1,0
DA:2,0
DA:3,0
DA:4,0
DA:5,0
DA:6,0
LF:6
LH:0
BRDA:1,0,0,0
BRF:1
BRH:0
end_of_record
TN:
SF:src/models/accounts.ts
FN:1,(empty-report)
FNF:1
FNH:0
FNDA:0,(empty-report)
DA:1,0
DA:2,0
DA:3,0
DA:4,0
DA:5,0
DA:6,0
DA:7,0
DA:8,0
DA:9,0
DA:10,0
LF:10
LH:0
BRDA:1,0,0,0
BRF:1
BRH:0
end_of_record
TN:
SF:src/models/accountsSchemas.ts
FNF:0
FNH:0
DA:1,1
DA:2,1
DA:3,1
DA:4,1
DA:5,1
DA:6,1
DA:7,1
DA:8,1
DA:9,1
DA:10,1
DA:11,1
DA:12,1
DA:13,1
DA:14,1
DA:15,1
DA:16,1
DA:17,1
DA:18,1
DA:19,1
DA:20,1
DA:21,1
DA:22,1
DA:23,1
DA:24,1
DA:25,1
LF:25
LH:25
BRF:0
BRH:0
end_of_record
TN:
SF:src/routes/accounts.ts
FNF:0
FNH:0
DA:1,1
DA:2,1
DA:3,1
DA:4,1
DA:5,1
DA:6,1
DA:7,1
DA:8,1
DA:9,1
DA:10,1
DA:11,1
DA:12,1
DA:13,1
DA:14,1
DA:15,1
DA:16,1
DA:17,1
DA:18,1
DA:19,1
DA:20,1
DA:21,1
DA:22,1
LF:22
LH:22
BRF:0
BRH:0
end_of_record
TN:
SF:src/routes/middlewares.ts
FN:8,validateAccountSchema
FN:12,validateUpdateAccountSchema
FN:16,validateLoginSchema
FN:20,validateAuth
FN:24,bouncerAuthorize
FNF:5
FNH:5
FNDA:2,validateAccountSchema
FNDA:1,validateUpdateAccountSchema
FNDA:3,validateLoginSchema
FNDA:9,validateAuth
FNDA:8,bouncerAuthorize
DA:1,1
DA:2,1
DA:3,1
DA:4,1
DA:5,1
DA:6,1
DA:7,1
DA:8,2
DA:9,2
DA:10,2
DA:11,1
DA:12,1
DA:13,1
DA:14,1
DA:15,1
DA:16,3
DA:17,3
DA:18,3
DA:19,1
DA:20,9
DA:21,9
DA:22,9
DA:23,1
DA:24,8
DA:25,8
DA:26,8
DA:27,6
DA:28,6
DA:29,8
DA:30,3
DA:31,3
DA:32,3
DA:33,1
DA:34,1
LF:34
LH:34
BRDA:8,0,0,2
BRDA:12,1,0,1
BRDA:16,2,0,3
BRDA:20,3,0,9
BRDA:24,4,0,8
BRDA:26,5,0,2
BRDA:27,6,0,6
BRDA:29,7,0,3
BRF:8
BRH:8
end_of_record
